<?xml version="1.0" encoding="UTF-8"?>
<testsuite xmlns:xsi="http://www.w3.org/2001/XMLSchema-instance" xsi:noNamespaceSchemaLocation="https://maven.apache.org/surefire/maven-surefire-plugin/xsd/surefire-test-report.xsd" name="com.sumant.springboot.learning.springcloudgateway.GatewayEncryptDecryptTests" time="0.153" tests="1" errors="0" skipped="0" failures="0">
  <properties>
    <property name="gopherProxySet" value="false"/>
    <property name="awt.toolkit" value="sun.lwawt.macosx.LWCToolkit"/>
    <property name="file.encoding.pkg" value="sun.io"/>
    <property name="java.specification.version" value="1.8"/>
    <property name="sun.cpu.isalist" value=""/>
    <property name="sun.jnu.encoding" value="UTF-8"/>
    <property name="java.class.path" value="/Users/srana/workspace/SpringGatewayCustomFilter/target/test-classes:/Users/srana/workspace/SpringGatewayCustomFilter/target/classes:/Users/srana/.m2/repository/org/springframework/cloud/spring-cloud-starter-gateway/2.2.2.RELEASE/spring-cloud-starter-gateway-2.2.2.RELEASE.jar:/Users/srana/.m2/repository/org/springframework/cloud/spring-cloud-starter/2.2.2.RELEASE/spring-cloud-starter-2.2.2.RELEASE.jar:/Users/srana/.m2/repository/org/springframework/cloud/spring-cloud-context/2.2.2.RELEASE/spring-cloud-context-2.2.2.RELEASE.jar:/Users/srana/.m2/repository/org/springframework/security/spring-security-crypto/5.2.4.RELEASE/spring-security-crypto-5.2.4.RELEASE.jar:/Users/srana/.m2/repository/org/springframework/cloud/spring-cloud-commons/2.2.2.RELEASE/spring-cloud-commons-2.2.2.RELEASE.jar:/Users/srana/.m2/repository/org/springframework/security/spring-security-rsa/1.0.9.RELEASE/spring-security-rsa-1.0.9.RELEASE.jar:/Users/srana/.m2/repository/org/bouncycastle/bcpkix-jdk15on/1.64/bcpkix-jdk15on-1.64.jar:/Users/srana/.m2/repository/org/bouncycastle/bcprov-jdk15on/1.64/bcprov-jdk15on-1.64.jar:/Users/srana/.m2/repository/org/springframework/cloud/spring-cloud-gateway-core/2.2.2.RELEASE/spring-cloud-gateway-core-2.2.2.RELEASE.jar:/Users/srana/.m2/repository/io/projectreactor/addons/reactor-extra/3.3.3.RELEASE/reactor-extra-3.3.3.RELEASE.jar:/Users/srana/.m2/repository/io/projectreactor/reactor-core/3.3.5.RELEASE/reactor-core-3.3.5.RELEASE.jar:/Users/srana/.m2/repository/org/reactivestreams/reactive-streams/1.0.3/reactive-streams-1.0.3.jar:/Users/srana/.m2/repository/org/springframework/boot/spring-boot-starter-webflux/2.2.7.RELEASE/spring-boot-starter-webflux-2.2.7.RELEASE.jar:/Users/srana/.m2/repository/org/springframework/boot/spring-boot-starter-json/2.2.7.RELEASE/spring-boot-starter-json-2.2.7.RELEASE.jar:/Users/srana/.m2/repository/com/fasterxml/jackson/datatype/jackson-datatype-jdk8/2.10.4/jackson-datatype-jdk8-2.10.4.jar:/Users/srana/.m2/repository/com/fasterxml/jackson/module/jackson-module-parameter-names/2.10.4/jackson-module-parameter-names-2.10.4.jar:/Users/srana/.m2/repository/org/springframework/boot/spring-boot-starter-reactor-netty/2.2.7.RELEASE/spring-boot-starter-reactor-netty-2.2.7.RELEASE.jar:/Users/srana/.m2/repository/io/projectreactor/netty/reactor-netty/0.9.7.RELEASE/reactor-netty-0.9.7.RELEASE.jar:/Users/srana/.m2/repository/io/netty/netty-codec-http/4.1.49.Final/netty-codec-http-4.1.49.Final.jar:/Users/srana/.m2/repository/io/netty/netty-common/4.1.49.Final/netty-common-4.1.49.Final.jar:/Users/srana/.m2/repository/io/netty/netty-buffer/4.1.49.Final/netty-buffer-4.1.49.Final.jar:/Users/srana/.m2/repository/io/netty/netty-transport/4.1.49.Final/netty-transport-4.1.49.Final.jar:/Users/srana/.m2/repository/io/netty/netty-codec/4.1.49.Final/netty-codec-4.1.49.Final.jar:/Users/srana/.m2/repository/io/netty/netty-codec-http2/4.1.49.Final/netty-codec-http2-4.1.49.Final.jar:/Users/srana/.m2/repository/io/netty/netty-handler/4.1.49.Final/netty-handler-4.1.49.Final.jar:/Users/srana/.m2/repository/io/netty/netty-resolver/4.1.49.Final/netty-resolver-4.1.49.Final.jar:/Users/srana/.m2/repository/io/netty/netty-handler-proxy/4.1.49.Final/netty-handler-proxy-4.1.49.Final.jar:/Users/srana/.m2/repository/io/netty/netty-codec-socks/4.1.49.Final/netty-codec-socks-4.1.49.Final.jar:/Users/srana/.m2/repository/io/netty/netty-transport-native-epoll/4.1.49.Final/netty-transport-native-epoll-4.1.49.Final-linux-x86_64.jar:/Users/srana/.m2/repository/io/netty/netty-transport-native-unix-common/4.1.49.Final/netty-transport-native-unix-common-4.1.49.Final.jar:/Users/srana/.m2/repository/org/glassfish/jakarta.el/3.0.3/jakarta.el-3.0.3.jar:/Users/srana/.m2/repository/org/springframework/boot/spring-boot-starter-validation/2.2.7.RELEASE/spring-boot-starter-validation-2.2.7.RELEASE.jar:/Users/srana/.m2/repository/jakarta/validation/jakarta.validation-api/2.0.2/jakarta.validation-api-2.0.2.jar:/Users/srana/.m2/repository/org/hibernate/validator/hibernate-validator/6.0.19.Final/hibernate-validator-6.0.19.Final.jar:/Users/srana/.m2/repository/org/jboss/logging/jboss-logging/3.4.1.Final/jboss-logging-3.4.1.Final.jar:/Users/srana/.m2/repository/com/fasterxml/classmate/1.5.1/classmate-1.5.1.jar:/Users/srana/.m2/repository/org/springframework/spring-web/5.2.6.RELEASE/spring-web-5.2.6.RELEASE.jar:/Users/srana/.m2/repository/org/springframework/spring-beans/5.2.6.RELEASE/spring-beans-5.2.6.RELEASE.jar:/Users/srana/.m2/repository/org/springframework/spring-webflux/5.2.6.RELEASE/spring-webflux-5.2.6.RELEASE.jar:/Users/srana/.m2/repository/org/synchronoss/cloud/nio-multipart-parser/1.1.0/nio-multipart-parser-1.1.0.jar:/Users/srana/.m2/repository/org/synchronoss/cloud/nio-stream-storage/1.1.3/nio-stream-storage-1.1.3.jar:/Users/srana/.m2/repository/org/springframework/boot/spring-boot-starter-test/2.2.7.RELEASE/spring-boot-starter-test-2.2.7.RELEASE.jar:/Users/srana/.m2/repository/org/springframework/boot/spring-boot-starter/2.2.7.RELEASE/spring-boot-starter-2.2.7.RELEASE.jar:/Users/srana/.m2/repository/org/springframework/boot/spring-boot/2.2.7.RELEASE/spring-boot-2.2.7.RELEASE.jar:/Users/srana/.m2/repository/org/springframework/boot/spring-boot-autoconfigure/2.2.7.RELEASE/spring-boot-autoconfigure-2.2.7.RELEASE.jar:/Users/srana/.m2/repository/org/springframework/boot/spring-boot-starter-logging/2.2.7.RELEASE/spring-boot-starter-logging-2.2.7.RELEASE.jar:/Users/srana/.m2/repository/ch/qos/logback/logback-classic/1.2.3/logback-classic-1.2.3.jar:/Users/srana/.m2/repository/ch/qos/logback/logback-core/1.2.3/logback-core-1.2.3.jar:/Users/srana/.m2/repository/org/apache/logging/log4j/log4j-to-slf4j/2.12.1/log4j-to-slf4j-2.12.1.jar:/Users/srana/.m2/repository/org/apache/logging/log4j/log4j-api/2.12.1/log4j-api-2.12.1.jar:/Users/srana/.m2/repository/org/slf4j/jul-to-slf4j/1.7.30/jul-to-slf4j-1.7.30.jar:/Users/srana/.m2/repository/jakarta/annotation/jakarta.annotation-api/1.3.5/jakarta.annotation-api-1.3.5.jar:/Users/srana/.m2/repository/org/yaml/snakeyaml/1.25/snakeyaml-1.25.jar:/Users/srana/.m2/repository/org/springframework/boot/spring-boot-test/2.2.7.RELEASE/spring-boot-test-2.2.7.RELEASE.jar:/Users/srana/.m2/repository/org/springframework/boot/spring-boot-test-autoconfigure/2.2.7.RELEASE/spring-boot-test-autoconfigure-2.2.7.RELEASE.jar:/Users/srana/.m2/repository/com/jayway/jsonpath/json-path/2.4.0/json-path-2.4.0.jar:/Users/srana/.m2/repository/net/minidev/json-smart/2.3/json-smart-2.3.jar:/Users/srana/.m2/repository/net/minidev/accessors-smart/1.2/accessors-smart-1.2.jar:/Users/srana/.m2/repository/jakarta/xml/bind/jakarta.xml.bind-api/2.3.3/jakarta.xml.bind-api-2.3.3.jar:/Users/srana/.m2/repository/jakarta/activation/jakarta.activation-api/1.2.2/jakarta.activation-api-1.2.2.jar:/Users/srana/.m2/repository/org/junit/jupiter/junit-jupiter/5.5.2/junit-jupiter-5.5.2.jar:/Users/srana/.m2/repository/org/junit/jupiter/junit-jupiter-api/5.5.2/junit-jupiter-api-5.5.2.jar:/Users/srana/.m2/repository/org/apiguardian/apiguardian-api/1.1.0/apiguardian-api-1.1.0.jar:/Users/srana/.m2/repository/org/junit/platform/junit-platform-commons/1.5.2/junit-platform-commons-1.5.2.jar:/Users/srana/.m2/repository/org/junit/jupiter/junit-jupiter-params/5.5.2/junit-jupiter-params-5.5.2.jar:/Users/srana/.m2/repository/org/junit/jupiter/junit-jupiter-engine/5.5.2/junit-jupiter-engine-5.5.2.jar:/Users/srana/.m2/repository/org/junit/platform/junit-platform-engine/1.5.2/junit-platform-engine-1.5.2.jar:/Users/srana/.m2/repository/org/mockito/mockito-junit-jupiter/3.1.0/mockito-junit-jupiter-3.1.0.jar:/Users/srana/.m2/repository/org/assertj/assertj-core/3.13.2/assertj-core-3.13.2.jar:/Users/srana/.m2/repository/org/hamcrest/hamcrest/2.1/hamcrest-2.1.jar:/Users/srana/.m2/repository/org/mockito/mockito-core/3.1.0/mockito-core-3.1.0.jar:/Users/srana/.m2/repository/net/bytebuddy/byte-buddy/1.10.10/byte-buddy-1.10.10.jar:/Users/srana/.m2/repository/net/bytebuddy/byte-buddy-agent/1.10.10/byte-buddy-agent-1.10.10.jar:/Users/srana/.m2/repository/org/objenesis/objenesis/2.6/objenesis-2.6.jar:/Users/srana/.m2/repository/org/skyscreamer/jsonassert/1.5.0/jsonassert-1.5.0.jar:/Users/srana/.m2/repository/com/vaadin/external/google/android-json/0.0.20131108.vaadin1/android-json-0.0.20131108.vaadin1.jar:/Users/srana/.m2/repository/org/springframework/spring-core/5.2.6.RELEASE/spring-core-5.2.6.RELEASE.jar:/Users/srana/.m2/repository/org/springframework/spring-jcl/5.2.6.RELEASE/spring-jcl-5.2.6.RELEASE.jar:/Users/srana/.m2/repository/org/springframework/spring-test/5.2.6.RELEASE/spring-test-5.2.6.RELEASE.jar:/Users/srana/.m2/repository/org/xmlunit/xmlunit-core/2.6.4/xmlunit-core-2.6.4.jar:/Users/srana/.m2/repository/org/springframework/boot/spring-boot-starter-actuator/2.2.7.RELEASE/spring-boot-starter-actuator-2.2.7.RELEASE.jar:/Users/srana/.m2/repository/org/springframework/boot/spring-boot-actuator-autoconfigure/2.2.7.RELEASE/spring-boot-actuator-autoconfigure-2.2.7.RELEASE.jar:/Users/srana/.m2/repository/org/springframework/boot/spring-boot-actuator/2.2.7.RELEASE/spring-boot-actuator-2.2.7.RELEASE.jar:/Users/srana/.m2/repository/org/springframework/spring-context/5.2.6.RELEASE/spring-context-5.2.6.RELEASE.jar:/Users/srana/.m2/repository/org/springframework/spring-aop/5.2.6.RELEASE/spring-aop-5.2.6.RELEASE.jar:/Users/srana/.m2/repository/org/springframework/spring-expression/5.2.6.RELEASE/spring-expression-5.2.6.RELEASE.jar:/Users/srana/.m2/repository/com/fasterxml/jackson/datatype/jackson-datatype-jsr310/2.10.4/jackson-datatype-jsr310-2.10.4.jar:/Users/srana/.m2/repository/io/micrometer/micrometer-core/1.3.8/micrometer-core-1.3.8.jar:/Users/srana/.m2/repository/org/hdrhistogram/HdrHistogram/2.1.11/HdrHistogram-2.1.11.jar:/Users/srana/.m2/repository/org/latencyutils/LatencyUtils/2.0.3/LatencyUtils-2.0.3.jar:/Users/srana/.m2/repository/com/github/tomakehurst/wiremock-jre8/2.26.3/wiremock-jre8-2.26.3.jar:/Users/srana/.m2/repository/org/eclipse/jetty/jetty-server/9.4.28.v20200408/jetty-server-9.4.28.v20200408.jar:/Users/srana/.m2/repository/javax/servlet/javax.servlet-api/4.0.1/javax.servlet-api-4.0.1.jar:/Users/srana/.m2/repository/org/eclipse/jetty/jetty-http/9.4.28.v20200408/jetty-http-9.4.28.v20200408.jar:/Users/srana/.m2/repository/org/eclipse/jetty/jetty-io/9.4.28.v20200408/jetty-io-9.4.28.v20200408.jar:/Users/srana/.m2/repository/org/eclipse/jetty/jetty-servlet/9.4.28.v20200408/jetty-servlet-9.4.28.v20200408.jar:/Users/srana/.m2/repository/org/eclipse/jetty/jetty-security/9.4.28.v20200408/jetty-security-9.4.28.v20200408.jar:/Users/srana/.m2/repository/org/eclipse/jetty/jetty-servlets/9.4.28.v20200408/jetty-servlets-9.4.28.v20200408.jar:/Users/srana/.m2/repository/org/eclipse/jetty/jetty-continuation/9.4.28.v20200408/jetty-continuation-9.4.28.v20200408.jar:/Users/srana/.m2/repository/org/eclipse/jetty/jetty-util/9.4.28.v20200408/jetty-util-9.4.28.v20200408.jar:/Users/srana/.m2/repository/org/eclipse/jetty/jetty-webapp/9.4.28.v20200408/jetty-webapp-9.4.28.v20200408.jar:/Users/srana/.m2/repository/org/eclipse/jetty/jetty-xml/9.4.28.v20200408/jetty-xml-9.4.28.v20200408.jar:/Users/srana/.m2/repository/com/google/guava/guava/28.2-android/guava-28.2-android.jar:/Users/srana/.m2/repository/com/google/guava/failureaccess/1.0.1/failureaccess-1.0.1.jar:/Users/srana/.m2/repository/com/google/guava/listenablefuture/9999.0-empty-to-avoid-conflict-with-guava/listenablefuture-9999.0-empty-to-avoid-conflict-with-guava.jar:/Users/srana/.m2/repository/com/google/code/findbugs/jsr305/3.0.2/jsr305-3.0.2.jar:/Users/srana/.m2/repository/org/checkerframework/checker-compat-qual/2.5.5/checker-compat-qual-2.5.5.jar:/Users/srana/.m2/repository/com/google/errorprone/error_prone_annotations/2.3.4/error_prone_annotations-2.3.4.jar:/Users/srana/.m2/repository/com/google/j2objc/j2objc-annotations/1.3/j2objc-annotations-1.3.jar:/Users/srana/.m2/repository/com/fasterxml/jackson/core/jackson-core/2.10.4/jackson-core-2.10.4.jar:/Users/srana/.m2/repository/com/fasterxml/jackson/core/jackson-annotations/2.10.4/jackson-annotations-2.10.4.jar:/Users/srana/.m2/repository/com/fasterxml/jackson/core/jackson-databind/2.10.4/jackson-databind-2.10.4.jar:/Users/srana/.m2/repository/org/apache/httpcomponents/httpclient/4.5.12/httpclient-4.5.12.jar:/Users/srana/.m2/repository/org/apache/httpcomponents/httpcore/4.4.13/httpcore-4.4.13.jar:/Users/srana/.m2/repository/commons-codec/commons-codec/1.13/commons-codec-1.13.jar:/Users/srana/.m2/repository/org/xmlunit/xmlunit-legacy/2.6.4/xmlunit-legacy-2.6.4.jar:/Users/srana/.m2/repository/org/xmlunit/xmlunit-placeholders/2.6.4/xmlunit-placeholders-2.6.4.jar:/Users/srana/.m2/repository/org/ow2/asm/asm/7.0/asm-7.0.jar:/Users/srana/.m2/repository/org/slf4j/slf4j-api/1.7.30/slf4j-api-1.7.30.jar:/Users/srana/.m2/repository/net/sf/jopt-simple/jopt-simple/5.0.3/jopt-simple-5.0.3.jar:/Users/srana/.m2/repository/org/apache/commons/commons-lang3/3.9/commons-lang3-3.9.jar:/Users/srana/.m2/repository/com/github/jknack/handlebars/4.1.2/handlebars-4.1.2.jar:/Users/srana/.m2/repository/com/github/jknack/handlebars-helpers/4.1.2/handlebars-helpers-4.1.2.jar:/Users/srana/.m2/repository/com/flipkart/zjsonpatch/zjsonpatch/0.4.4/zjsonpatch-0.4.4.jar:/Users/srana/.m2/repository/commons-fileupload/commons-fileupload/1.4/commons-fileupload-1.4.jar:/Users/srana/.m2/repository/commons-io/commons-io/2.2/commons-io-2.2.jar:/Users/srana/.m2/repository/org/eclipse/jetty/http2/http2-server/9.4.28.v20200408/http2-server-9.4.28.v20200408.jar:/Users/srana/.m2/repository/org/eclipse/jetty/http2/http2-common/9.4.28.v20200408/http2-common-9.4.28.v20200408.jar:/Users/srana/.m2/repository/org/eclipse/jetty/http2/http2-hpack/9.4.28.v20200408/http2-hpack-9.4.28.v20200408.jar:/Users/srana/.m2/repository/org/eclipse/jetty/jetty-alpn-server/9.4.28.v20200408/jetty-alpn-server-9.4.28.v20200408.jar:/Users/srana/.m2/repository/org/eclipse/jetty/jetty-alpn-conscrypt-server/9.4.28.v20200408/jetty-alpn-conscrypt-server-9.4.28.v20200408.jar:/Users/srana/.m2/repository/org/conscrypt/conscrypt-openjdk-uber/2.4.0/conscrypt-openjdk-uber-2.4.0.jar:/Users/srana/.m2/repository/org/eclipse/jetty/jetty-alpn-conscrypt-client/9.4.28.v20200408/jetty-alpn-conscrypt-client-9.4.28.v20200408.jar:/Users/srana/.m2/repository/org/eclipse/jetty/jetty-alpn-client/9.4.28.v20200408/jetty-alpn-client-9.4.28.v20200408.jar:/Users/srana/.m2/repository/net/javacrumbs/json-unit/json-unit-core/2.12.0/json-unit-core-2.12.0.jar:/Users/srana/.m2/repository/org/opentest4j/opentest4j/1.1.1/opentest4j-1.1.1.jar:/Users/srana/.m2/repository/org/hamcrest/hamcrest-core/2.1/hamcrest-core-2.1.jar:"/>
    <property name="java.vm.vendor" value="Oracle Corporation"/>
    <property name="sun.arch.data.model" value="64"/>
    <property name="java.vendor.url" value="http://java.oracle.com/"/>
    <property name="user.timezone" value=""/>
    <property name="user.country.format" value="SG"/>
    <property name="java.vm.specification.version" value="1.8"/>
    <property name="os.name" value="Mac OS X"/>
    <property name="user.country" value="GB"/>
    <property name="sun.java.launcher" value="SUN_STANDARD"/>
    <property name="sun.boot.library.path" value="/Library/Java/JavaVirtualMachines/jdk1.8.0_192.jdk/Contents/Home/jre/lib"/>
    <property name="sun.java.command" value="/Users/srana/workspace/SpringGatewayCustomFilter/target/surefire/surefirebooter1847824542056625875.jar /Users/srana/workspace/SpringGatewayCustomFilter/target/surefire 2020-06-22T11-13-53_272-jvmRun1 surefire1864462668330014817tmp surefire_06966874157024573279tmp"/>
    <property name="http.nonProxyHosts" value="local|*.local|169.254/16|*.169.254/16"/>
    <property name="surefire.test.class.path" value="/Users/srana/workspace/SpringGatewayCustomFilter/target/test-classes:/Users/srana/workspace/SpringGatewayCustomFilter/target/classes:/Users/srana/.m2/repository/org/springframework/cloud/spring-cloud-starter-gateway/2.2.2.RELEASE/spring-cloud-starter-gateway-2.2.2.RELEASE.jar:/Users/srana/.m2/repository/org/springframework/cloud/spring-cloud-starter/2.2.2.RELEASE/spring-cloud-starter-2.2.2.RELEASE.jar:/Users/srana/.m2/repository/org/springframework/cloud/spring-cloud-context/2.2.2.RELEASE/spring-cloud-context-2.2.2.RELEASE.jar:/Users/srana/.m2/repository/org/springframework/security/spring-security-crypto/5.2.4.RELEASE/spring-security-crypto-5.2.4.RELEASE.jar:/Users/srana/.m2/repository/org/springframework/cloud/spring-cloud-commons/2.2.2.RELEASE/spring-cloud-commons-2.2.2.RELEASE.jar:/Users/srana/.m2/repository/org/springframework/security/spring-security-rsa/1.0.9.RELEASE/spring-security-rsa-1.0.9.RELEASE.jar:/Users/srana/.m2/repository/org/bouncycastle/bcpkix-jdk15on/1.64/bcpkix-jdk15on-1.64.jar:/Users/srana/.m2/repository/org/bouncycastle/bcprov-jdk15on/1.64/bcprov-jdk15on-1.64.jar:/Users/srana/.m2/repository/org/springframework/cloud/spring-cloud-gateway-core/2.2.2.RELEASE/spring-cloud-gateway-core-2.2.2.RELEASE.jar:/Users/srana/.m2/repository/io/projectreactor/addons/reactor-extra/3.3.3.RELEASE/reactor-extra-3.3.3.RELEASE.jar:/Users/srana/.m2/repository/io/projectreactor/reactor-core/3.3.5.RELEASE/reactor-core-3.3.5.RELEASE.jar:/Users/srana/.m2/repository/org/reactivestreams/reactive-streams/1.0.3/reactive-streams-1.0.3.jar:/Users/srana/.m2/repository/org/springframework/boot/spring-boot-starter-webflux/2.2.7.RELEASE/spring-boot-starter-webflux-2.2.7.RELEASE.jar:/Users/srana/.m2/repository/org/springframework/boot/spring-boot-starter-json/2.2.7.RELEASE/spring-boot-starter-json-2.2.7.RELEASE.jar:/Users/srana/.m2/repository/com/fasterxml/jackson/datatype/jackson-datatype-jdk8/2.10.4/jackson-datatype-jdk8-2.10.4.jar:/Users/srana/.m2/repository/com/fasterxml/jackson/module/jackson-module-parameter-names/2.10.4/jackson-module-parameter-names-2.10.4.jar:/Users/srana/.m2/repository/org/springframework/boot/spring-boot-starter-reactor-netty/2.2.7.RELEASE/spring-boot-starter-reactor-netty-2.2.7.RELEASE.jar:/Users/srana/.m2/repository/io/projectreactor/netty/reactor-netty/0.9.7.RELEASE/reactor-netty-0.9.7.RELEASE.jar:/Users/srana/.m2/repository/io/netty/netty-codec-http/4.1.49.Final/netty-codec-http-4.1.49.Final.jar:/Users/srana/.m2/repository/io/netty/netty-common/4.1.49.Final/netty-common-4.1.49.Final.jar:/Users/srana/.m2/repository/io/netty/netty-buffer/4.1.49.Final/netty-buffer-4.1.49.Final.jar:/Users/srana/.m2/repository/io/netty/netty-transport/4.1.49.Final/netty-transport-4.1.49.Final.jar:/Users/srana/.m2/repository/io/netty/netty-codec/4.1.49.Final/netty-codec-4.1.49.Final.jar:/Users/srana/.m2/repository/io/netty/netty-codec-http2/4.1.49.Final/netty-codec-http2-4.1.49.Final.jar:/Users/srana/.m2/repository/io/netty/netty-handler/4.1.49.Final/netty-handler-4.1.49.Final.jar:/Users/srana/.m2/repository/io/netty/netty-resolver/4.1.49.Final/netty-resolver-4.1.49.Final.jar:/Users/srana/.m2/repository/io/netty/netty-handler-proxy/4.1.49.Final/netty-handler-proxy-4.1.49.Final.jar:/Users/srana/.m2/repository/io/netty/netty-codec-socks/4.1.49.Final/netty-codec-socks-4.1.49.Final.jar:/Users/srana/.m2/repository/io/netty/netty-transport-native-epoll/4.1.49.Final/netty-transport-native-epoll-4.1.49.Final-linux-x86_64.jar:/Users/srana/.m2/repository/io/netty/netty-transport-native-unix-common/4.1.49.Final/netty-transport-native-unix-common-4.1.49.Final.jar:/Users/srana/.m2/repository/org/glassfish/jakarta.el/3.0.3/jakarta.el-3.0.3.jar:/Users/srana/.m2/repository/org/springframework/boot/spring-boot-starter-validation/2.2.7.RELEASE/spring-boot-starter-validation-2.2.7.RELEASE.jar:/Users/srana/.m2/repository/jakarta/validation/jakarta.validation-api/2.0.2/jakarta.validation-api-2.0.2.jar:/Users/srana/.m2/repository/org/hibernate/validator/hibernate-validator/6.0.19.Final/hibernate-validator-6.0.19.Final.jar:/Users/srana/.m2/repository/org/jboss/logging/jboss-logging/3.4.1.Final/jboss-logging-3.4.1.Final.jar:/Users/srana/.m2/repository/com/fasterxml/classmate/1.5.1/classmate-1.5.1.jar:/Users/srana/.m2/repository/org/springframework/spring-web/5.2.6.RELEASE/spring-web-5.2.6.RELEASE.jar:/Users/srana/.m2/repository/org/springframework/spring-beans/5.2.6.RELEASE/spring-beans-5.2.6.RELEASE.jar:/Users/srana/.m2/repository/org/springframework/spring-webflux/5.2.6.RELEASE/spring-webflux-5.2.6.RELEASE.jar:/Users/srana/.m2/repository/org/synchronoss/cloud/nio-multipart-parser/1.1.0/nio-multipart-parser-1.1.0.jar:/Users/srana/.m2/repository/org/synchronoss/cloud/nio-stream-storage/1.1.3/nio-stream-storage-1.1.3.jar:/Users/srana/.m2/repository/org/springframework/boot/spring-boot-starter-test/2.2.7.RELEASE/spring-boot-starter-test-2.2.7.RELEASE.jar:/Users/srana/.m2/repository/org/springframework/boot/spring-boot-starter/2.2.7.RELEASE/spring-boot-starter-2.2.7.RELEASE.jar:/Users/srana/.m2/repository/org/springframework/boot/spring-boot/2.2.7.RELEASE/spring-boot-2.2.7.RELEASE.jar:/Users/srana/.m2/repository/org/springframework/boot/spring-boot-autoconfigure/2.2.7.RELEASE/spring-boot-autoconfigure-2.2.7.RELEASE.jar:/Users/srana/.m2/repository/org/springframework/boot/spring-boot-starter-logging/2.2.7.RELEASE/spring-boot-starter-logging-2.2.7.RELEASE.jar:/Users/srana/.m2/repository/ch/qos/logback/logback-classic/1.2.3/logback-classic-1.2.3.jar:/Users/srana/.m2/repository/ch/qos/logback/logback-core/1.2.3/logback-core-1.2.3.jar:/Users/srana/.m2/repository/org/apache/logging/log4j/log4j-to-slf4j/2.12.1/log4j-to-slf4j-2.12.1.jar:/Users/srana/.m2/repository/org/apache/logging/log4j/log4j-api/2.12.1/log4j-api-2.12.1.jar:/Users/srana/.m2/repository/org/slf4j/jul-to-slf4j/1.7.30/jul-to-slf4j-1.7.30.jar:/Users/srana/.m2/repository/jakarta/annotation/jakarta.annotation-api/1.3.5/jakarta.annotation-api-1.3.5.jar:/Users/srana/.m2/repository/org/yaml/snakeyaml/1.25/snakeyaml-1.25.jar:/Users/srana/.m2/repository/org/springframework/boot/spring-boot-test/2.2.7.RELEASE/spring-boot-test-2.2.7.RELEASE.jar:/Users/srana/.m2/repository/org/springframework/boot/spring-boot-test-autoconfigure/2.2.7.RELEASE/spring-boot-test-autoconfigure-2.2.7.RELEASE.jar:/Users/srana/.m2/repository/com/jayway/jsonpath/json-path/2.4.0/json-path-2.4.0.jar:/Users/srana/.m2/repository/net/minidev/json-smart/2.3/json-smart-2.3.jar:/Users/srana/.m2/repository/net/minidev/accessors-smart/1.2/accessors-smart-1.2.jar:/Users/srana/.m2/repository/jakarta/xml/bind/jakarta.xml.bind-api/2.3.3/jakarta.xml.bind-api-2.3.3.jar:/Users/srana/.m2/repository/jakarta/activation/jakarta.activation-api/1.2.2/jakarta.activation-api-1.2.2.jar:/Users/srana/.m2/repository/org/junit/jupiter/junit-jupiter/5.5.2/junit-jupiter-5.5.2.jar:/Users/srana/.m2/repository/org/junit/jupiter/junit-jupiter-api/5.5.2/junit-jupiter-api-5.5.2.jar:/Users/srana/.m2/repository/org/apiguardian/apiguardian-api/1.1.0/apiguardian-api-1.1.0.jar:/Users/srana/.m2/repository/org/junit/platform/junit-platform-commons/1.5.2/junit-platform-commons-1.5.2.jar:/Users/srana/.m2/repository/org/junit/jupiter/junit-jupiter-params/5.5.2/junit-jupiter-params-5.5.2.jar:/Users/srana/.m2/repository/org/junit/jupiter/junit-jupiter-engine/5.5.2/junit-jupiter-engine-5.5.2.jar:/Users/srana/.m2/repository/org/junit/platform/junit-platform-engine/1.5.2/junit-platform-engine-1.5.2.jar:/Users/srana/.m2/repository/org/mockito/mockito-junit-jupiter/3.1.0/mockito-junit-jupiter-3.1.0.jar:/Users/srana/.m2/repository/org/assertj/assertj-core/3.13.2/assertj-core-3.13.2.jar:/Users/srana/.m2/repository/org/hamcrest/hamcrest/2.1/hamcrest-2.1.jar:/Users/srana/.m2/repository/org/mockito/mockito-core/3.1.0/mockito-core-3.1.0.jar:/Users/srana/.m2/repository/net/bytebuddy/byte-buddy/1.10.10/byte-buddy-1.10.10.jar:/Users/srana/.m2/repository/net/bytebuddy/byte-buddy-agent/1.10.10/byte-buddy-agent-1.10.10.jar:/Users/srana/.m2/repository/org/objenesis/objenesis/2.6/objenesis-2.6.jar:/Users/srana/.m2/repository/org/skyscreamer/jsonassert/1.5.0/jsonassert-1.5.0.jar:/Users/srana/.m2/repository/com/vaadin/external/google/android-json/0.0.20131108.vaadin1/android-json-0.0.20131108.vaadin1.jar:/Users/srana/.m2/repository/org/springframework/spring-core/5.2.6.RELEASE/spring-core-5.2.6.RELEASE.jar:/Users/srana/.m2/repository/org/springframework/spring-jcl/5.2.6.RELEASE/spring-jcl-5.2.6.RELEASE.jar:/Users/srana/.m2/repository/org/springframework/spring-test/5.2.6.RELEASE/spring-test-5.2.6.RELEASE.jar:/Users/srana/.m2/repository/org/xmlunit/xmlunit-core/2.6.4/xmlunit-core-2.6.4.jar:/Users/srana/.m2/repository/org/springframework/boot/spring-boot-starter-actuator/2.2.7.RELEASE/spring-boot-starter-actuator-2.2.7.RELEASE.jar:/Users/srana/.m2/repository/org/springframework/boot/spring-boot-actuator-autoconfigure/2.2.7.RELEASE/spring-boot-actuator-autoconfigure-2.2.7.RELEASE.jar:/Users/srana/.m2/repository/org/springframework/boot/spring-boot-actuator/2.2.7.RELEASE/spring-boot-actuator-2.2.7.RELEASE.jar:/Users/srana/.m2/repository/org/springframework/spring-context/5.2.6.RELEASE/spring-context-5.2.6.RELEASE.jar:/Users/srana/.m2/repository/org/springframework/spring-aop/5.2.6.RELEASE/spring-aop-5.2.6.RELEASE.jar:/Users/srana/.m2/repository/org/springframework/spring-expression/5.2.6.RELEASE/spring-expression-5.2.6.RELEASE.jar:/Users/srana/.m2/repository/com/fasterxml/jackson/datatype/jackson-datatype-jsr310/2.10.4/jackson-datatype-jsr310-2.10.4.jar:/Users/srana/.m2/repository/io/micrometer/micrometer-core/1.3.8/micrometer-core-1.3.8.jar:/Users/srana/.m2/repository/org/hdrhistogram/HdrHistogram/2.1.11/HdrHistogram-2.1.11.jar:/Users/srana/.m2/repository/org/latencyutils/LatencyUtils/2.0.3/LatencyUtils-2.0.3.jar:/Users/srana/.m2/repository/com/github/tomakehurst/wiremock-jre8/2.26.3/wiremock-jre8-2.26.3.jar:/Users/srana/.m2/repository/org/eclipse/jetty/jetty-server/9.4.28.v20200408/jetty-server-9.4.28.v20200408.jar:/Users/srana/.m2/repository/javax/servlet/javax.servlet-api/4.0.1/javax.servlet-api-4.0.1.jar:/Users/srana/.m2/repository/org/eclipse/jetty/jetty-http/9.4.28.v20200408/jetty-http-9.4.28.v20200408.jar:/Users/srana/.m2/repository/org/eclipse/jetty/jetty-io/9.4.28.v20200408/jetty-io-9.4.28.v20200408.jar:/Users/srana/.m2/repository/org/eclipse/jetty/jetty-servlet/9.4.28.v20200408/jetty-servlet-9.4.28.v20200408.jar:/Users/srana/.m2/repository/org/eclipse/jetty/jetty-security/9.4.28.v20200408/jetty-security-9.4.28.v20200408.jar:/Users/srana/.m2/repository/org/eclipse/jetty/jetty-servlets/9.4.28.v20200408/jetty-servlets-9.4.28.v20200408.jar:/Users/srana/.m2/repository/org/eclipse/jetty/jetty-continuation/9.4.28.v20200408/jetty-continuation-9.4.28.v20200408.jar:/Users/srana/.m2/repository/org/eclipse/jetty/jetty-util/9.4.28.v20200408/jetty-util-9.4.28.v20200408.jar:/Users/srana/.m2/repository/org/eclipse/jetty/jetty-webapp/9.4.28.v20200408/jetty-webapp-9.4.28.v20200408.jar:/Users/srana/.m2/repository/org/eclipse/jetty/jetty-xml/9.4.28.v20200408/jetty-xml-9.4.28.v20200408.jar:/Users/srana/.m2/repository/com/google/guava/guava/28.2-android/guava-28.2-android.jar:/Users/srana/.m2/repository/com/google/guava/failureaccess/1.0.1/failureaccess-1.0.1.jar:/Users/srana/.m2/repository/com/google/guava/listenablefuture/9999.0-empty-to-avoid-conflict-with-guava/listenablefuture-9999.0-empty-to-avoid-conflict-with-guava.jar:/Users/srana/.m2/repository/com/google/code/findbugs/jsr305/3.0.2/jsr305-3.0.2.jar:/Users/srana/.m2/repository/org/checkerframework/checker-compat-qual/2.5.5/checker-compat-qual-2.5.5.jar:/Users/srana/.m2/repository/com/google/errorprone/error_prone_annotations/2.3.4/error_prone_annotations-2.3.4.jar:/Users/srana/.m2/repository/com/google/j2objc/j2objc-annotations/1.3/j2objc-annotations-1.3.jar:/Users/srana/.m2/repository/com/fasterxml/jackson/core/jackson-core/2.10.4/jackson-core-2.10.4.jar:/Users/srana/.m2/repository/com/fasterxml/jackson/core/jackson-annotations/2.10.4/jackson-annotations-2.10.4.jar:/Users/srana/.m2/repository/com/fasterxml/jackson/core/jackson-databind/2.10.4/jackson-databind-2.10.4.jar:/Users/srana/.m2/repository/org/apache/httpcomponents/httpclient/4.5.12/httpclient-4.5.12.jar:/Users/srana/.m2/repository/org/apache/httpcomponents/httpcore/4.4.13/httpcore-4.4.13.jar:/Users/srana/.m2/repository/commons-codec/commons-codec/1.13/commons-codec-1.13.jar:/Users/srana/.m2/repository/org/xmlunit/xmlunit-legacy/2.6.4/xmlunit-legacy-2.6.4.jar:/Users/srana/.m2/repository/org/xmlunit/xmlunit-placeholders/2.6.4/xmlunit-placeholders-2.6.4.jar:/Users/srana/.m2/repository/org/ow2/asm/asm/7.0/asm-7.0.jar:/Users/srana/.m2/repository/org/slf4j/slf4j-api/1.7.30/slf4j-api-1.7.30.jar:/Users/srana/.m2/repository/net/sf/jopt-simple/jopt-simple/5.0.3/jopt-simple-5.0.3.jar:/Users/srana/.m2/repository/org/apache/commons/commons-lang3/3.9/commons-lang3-3.9.jar:/Users/srana/.m2/repository/com/github/jknack/handlebars/4.1.2/handlebars-4.1.2.jar:/Users/srana/.m2/repository/com/github/jknack/handlebars-helpers/4.1.2/handlebars-helpers-4.1.2.jar:/Users/srana/.m2/repository/com/flipkart/zjsonpatch/zjsonpatch/0.4.4/zjsonpatch-0.4.4.jar:/Users/srana/.m2/repository/commons-fileupload/commons-fileupload/1.4/commons-fileupload-1.4.jar:/Users/srana/.m2/repository/commons-io/commons-io/2.2/commons-io-2.2.jar:/Users/srana/.m2/repository/org/eclipse/jetty/http2/http2-server/9.4.28.v20200408/http2-server-9.4.28.v20200408.jar:/Users/srana/.m2/repository/org/eclipse/jetty/http2/http2-common/9.4.28.v20200408/http2-common-9.4.28.v20200408.jar:/Users/srana/.m2/repository/org/eclipse/jetty/http2/http2-hpack/9.4.28.v20200408/http2-hpack-9.4.28.v20200408.jar:/Users/srana/.m2/repository/org/eclipse/jetty/jetty-alpn-server/9.4.28.v20200408/jetty-alpn-server-9.4.28.v20200408.jar:/Users/srana/.m2/repository/org/eclipse/jetty/jetty-alpn-conscrypt-server/9.4.28.v20200408/jetty-alpn-conscrypt-server-9.4.28.v20200408.jar:/Users/srana/.m2/repository/org/conscrypt/conscrypt-openjdk-uber/2.4.0/conscrypt-openjdk-uber-2.4.0.jar:/Users/srana/.m2/repository/org/eclipse/jetty/jetty-alpn-conscrypt-client/9.4.28.v20200408/jetty-alpn-conscrypt-client-9.4.28.v20200408.jar:/Users/srana/.m2/repository/org/eclipse/jetty/jetty-alpn-client/9.4.28.v20200408/jetty-alpn-client-9.4.28.v20200408.jar:/Users/srana/.m2/repository/net/javacrumbs/json-unit/json-unit-core/2.12.0/json-unit-core-2.12.0.jar:/Users/srana/.m2/repository/org/opentest4j/opentest4j/1.1.1/opentest4j-1.1.1.jar:/Users/srana/.m2/repository/org/hamcrest/hamcrest-core/2.1/hamcrest-core-2.1.jar:"/>
    <property name="sun.cpu.endian" value="little"/>
    <property name="user.home" value="/Users/srana"/>
    <property name="user.language" value="en"/>
    <property name="java.specification.vendor" value="Oracle Corporation"/>
    <property name="java.home" value="/Library/Java/JavaVirtualMachines/jdk1.8.0_192.jdk/Contents/Home/jre"/>
    <property name="basedir" value="/Users/srana/workspace/SpringGatewayCustomFilter"/>
    <property name="file.separator" value="/"/>
    <property name="line.separator" value="&#10;"/>
    <property name="java.vm.specification.vendor" value="Oracle Corporation"/>
    <property name="java.specification.name" value="Java Platform API Specification"/>
    <property name="java.awt.graphicsenv" value="sun.awt.CGraphicsEnvironment"/>
    <property name="surefire.real.class.path" value="/Users/srana/workspace/SpringGatewayCustomFilter/target/surefire/surefirebooter1847824542056625875.jar"/>
    <property name="sun.boot.class.path" value="/Library/Java/JavaVirtualMachines/jdk1.8.0_192.jdk/Contents/Home/jre/lib/resources.jar:/Library/Java/JavaVirtualMachines/jdk1.8.0_192.jdk/Contents/Home/jre/lib/rt.jar:/Library/Java/JavaVirtualMachines/jdk1.8.0_192.jdk/Contents/Home/jre/lib/sunrsasign.jar:/Library/Java/JavaVirtualMachines/jdk1.8.0_192.jdk/Contents/Home/jre/lib/jsse.jar:/Library/Java/JavaVirtualMachines/jdk1.8.0_192.jdk/Contents/Home/jre/lib/jce.jar:/Library/Java/JavaVirtualMachines/jdk1.8.0_192.jdk/Contents/Home/jre/lib/charsets.jar:/Library/Java/JavaVirtualMachines/jdk1.8.0_192.jdk/Contents/Home/jre/lib/jfr.jar:/Library/Java/JavaVirtualMachines/jdk1.8.0_192.jdk/Contents/Home/jre/classes"/>
    <property name="sun.management.compiler" value="HotSpot 64-Bit Tiered Compilers"/>
    <property name="ftp.nonProxyHosts" value="local|*.local|169.254/16|*.169.254/16"/>
    <property name="java.runtime.version" value="1.8.0_192-b12"/>
    <property name="user.name" value="srana"/>
    <property name="path.separator" value=":"/>
    <property name="os.version" value="10.14.6"/>
    <property name="java.endorsed.dirs" value="/Library/Java/JavaVirtualMachines/jdk1.8.0_192.jdk/Contents/Home/jre/lib/endorsed"/>
    <property name="java.runtime.name" value="Java(TM) SE Runtime Environment"/>
    <property name="file.encoding" value="UTF-8"/>
    <property name="java.vm.name" value="Java HotSpot(TM) 64-Bit Server VM"/>
    <property name="localRepository" value="/Users/srana/.m2/repository"/>
    <property name="java.vendor.url.bug" value="http://bugreport.sun.com/bugreport/"/>
    <property name="java.io.tmpdir" value="/var/folders/mc/9xxpl70s6s17my255r2bvqbm0000gp/T/"/>
    <property name="java.version" value="1.8.0_192"/>
    <property name="user.dir" value="/Users/srana/workspace/SpringGatewayCustomFilter"/>
    <property name="os.arch" value="x86_64"/>
    <property name="java.vm.specification.name" value="Java Virtual Machine Specification"/>
    <property name="java.awt.printerjob" value="sun.lwawt.macosx.CPrinterJob"/>
    <property name="sun.os.patch.level" value="unknown"/>
    <property name="java.library.path" value="/Users/srana/Library/Java/Extensions:/Library/Java/Extensions:/Network/Library/Java/Extensions:/System/Library/Java/Extensions:/usr/lib/java:."/>
    <property name="java.vm.info" value="mixed mode"/>
    <property name="java.vendor" value="Oracle Corporation"/>
    <property name="java.vm.version" value="25.192-b12"/>
    <property name="java.ext.dirs" value="/Users/srana/Library/Java/Extensions:/Library/Java/JavaVirtualMachines/jdk1.8.0_192.jdk/Contents/Home/jre/lib/ext:/Library/Java/Extensions:/Network/Library/Java/Extensions:/System/Library/Java/Extensions:/usr/lib/java"/>
    <property name="sun.io.unicode.encoding" value="UnicodeBig"/>
    <property name="java.class.version" value="52.0"/>
    <property name="socksNonProxyHosts" value="local|*.local|169.254/16|*.169.254/16"/>
  </properties>
  <testcase name="encryptDecryptFilter_decryptsDefaultBook_and_EncryptsDefaultResponse" classname="com.sumant.springboot.learning.springcloudgateway.GatewayEncryptDecryptTests" time="0.144"/>
</testsuite>